[2026-04-05T07:56:45.578Z] GET https://www.hanafn.com/hfm/mnu/info/about/hanacharacter.do → pending (?ms, ?B)
[2026-04-05T07:56:52.994Z] GET https://www.googletagmanager.com/gtag/js?id=G-5LF20JET79 → 200 (480ms, 462105B)
[2026-04-05T07:56:52.994Z] GET https://www.googletagmanager.com/gtag/js?id=UA-254514792-1 → 200 (470ms, 355068B)
[2026-04-05T07:56:52.994Z] GET https://www.hanafn.com/assets/css/lib/aos.css?t=1671082532860 → 200 (54ms, 28765B)
[2026-04-05T07:56:52.994Z] GET https://www.hanafn.com/assets/css/lib/swiper.min.css?t=1671082532860 → 200 (45ms, 15832B)
[2026-04-05T07:56:52.995Z] GET https://www.hanafn.com/assets/css/lib/jquery.mCustomScrollbar.min.css?t=1671082532860 → 200 (34ms, 42839B)
[2026-04-05T07:56:52.995Z] GET https://www.hanafn.com/assets/css/ko/common.min.css?t=1671082532860 → 200 (101ms, 260975B)
[2026-04-05T07:56:52.995Z] GET https://www.hanafn.com/assets/js/lib/jquery-3.6.0.min.js?t=1671082532860 → 200 (104ms, 89503B)
[2026-04-05T07:56:52.995Z] GET https://www.hanafn.com/assets/js/lib/aos.js?t=1671082532860 → 200 (78ms, 13801B)
[2026-04-05T07:56:52.995Z] GET https://www.hanafn.com/assets/js/lib/swiper.min.js?t=1671082532860 → 200 (161ms, 143674B)
[2026-04-05T07:56:52.995Z] GET https://www.hanafn.com/assets/js/lib/jquery.mCustomScrollbar.concat.min.js?t=1671082532860 → 200 (101ms, 45480B)
[2026-04-05T07:56:52.995Z] GET https://www.hanafn.com/assets/js/lib/gsap.min.js?t=1671082532860 → 200 (121ms, 63414B)
[2026-04-05T07:56:52.995Z] GET https://www.hanafn.com/assets/js/lib/ScrollTrigger.min.js?t=1671082532860 → 200 (102ms, 21668B)
[2026-04-05T07:56:52.995Z] GET https://www.hanafn.com/assets/js/ko/common.js?t=1671082532860 → 200 (133ms, 46044B)
[2026-04-05T07:56:52.995Z] GET https://www.hanafn.com/assets/js/lib/koscom.js?t=1671082532860 → 200 (116ms, 2573B)
[2026-04-05T07:56:52.995Z] GET https://www.hanafn.com/assets/js/lib/page_title.js?t=1671082532860 → 200 (128ms, 1141B)
[2026-04-05T07:56:52.995Z] GET https://www.hanafn.com/assets/css/ko/contents.min.css?t=1671082532860 → 200 (64ms, 256577B)
[2026-04-05T07:56:53.005Z] GET https://www.googletagmanager.com/gtm.js?id=GTM-K3NC3TJ → 200 (502ms, 356884B)
[2026-04-05T07:56:53.033Z] GET https://www.hanafn.com:8002/upload/common/upeditor/10000192/20231024/20231024030327472.png → 200 (90ms, 124238B)
[2026-04-05T07:56:53.037Z] GET https://www.hanafn.com/assets/img/ko/img-accessibility.svg → 200 (91ms, 37870B)
[2026-04-05T07:56:53.037Z] GET https://www.hanafn.com/assets/img/ko/logo-w.svg → 200 (115ms, 4353B)
[2026-04-05T07:56:53.284Z] GET https://www.hanafn.com/assets/img/ko/loading.png → 200 (1ms, 3099B)
[2026-04-05T07:56:53.284Z] GET https://www.hanafn.com/assets/fonts/PretendardVariable.subset.91.woff2 → 200 (106ms, 37948B)
[2026-04-05T07:56:53.284Z] GET https://www.hanafn.com/assets/fonts/PretendardVariable.subset.90.woff2 → 200 (66ms, 24144B)
[2026-04-05T07:56:53.284Z] GET https://www.hanafn.com/assets/fonts/PretendardVariable.subset.89.woff2 → 200 (109ms, 22920B)
[2026-04-05T07:56:53.284Z] GET https://www.hanafn.com/assets/fonts/PretendardVariable.subset.87.woff2 → 200 (109ms, 25944B)
[2026-04-05T07:56:53.292Z] POST https://www.hanafn.com/ajax/hfm/tab/info/about/hanacharacter.do → 200 (57ms, 4078B)
[2026-04-05T07:56:53.337Z] GET https://www.hanafn.com/assets/img/ko/logo.svg → 200 (2ms, 4513B)
[2026-04-05T07:56:53.337Z] GET https://www.hanafn.com/assets/img/ko/btn-key-info.svg → 200 (5ms, 307B)
[2026-04-05T07:56:53.337Z] GET https://www.hanafn.com/assets/img/ko/btn-network.svg → 200 (4ms, 1315B)
[2026-04-05T07:56:53.337Z] GET https://www.hanafn.com/assets/img/ko/btn-language.svg → 200 (5ms, 1270B)
[2026-04-05T07:56:53.337Z] GET https://www.hanafn.com/assets/img/ko/btn-menu.svg → 200 (6ms, 335B)
[2026-04-05T07:56:53.337Z] GET https://www.hanafn.com/assets/fonts/Hana2B.woff → pending (?ms, ?B)
[2026-04-05T07:56:53.337Z] GET https://www.hanafn.com/assets/fonts/PretendardVariable.subset.86.woff2 → 200 (56ms, 26972B)
[2026-04-05T07:56:53.337Z] GET https://www.hanafn.com/assets/fonts/PretendardVariable.subset.85.woff2 → 200 (56ms, 26252B)
[2026-04-05T07:56:53.337Z] GET https://www.hanafn.com/assets/fonts/PretendardVariable.subset.84.woff2 → 200 (56ms, 25512B)
[2026-04-05T07:56:53.337Z] GET https://www.hanafn.com/assets/fonts/PretendardVariable.subset.71.woff2 → 200 (56ms, 29656B)
[2026-04-05T07:56:53.337Z] GET https://www.hanafn.com/assets/fonts/PretendardVariable.subset.88.woff2 → 200 (56ms, 26848B)
[2026-04-05T07:56:53.337Z] GET https://www.hanafn.com/assets/fonts/PretendardVariable.subset.80.woff2 → 200 (56ms, 30484B)
[2026-04-05T07:56:53.337Z] GET https://www.hanafn.com/assets/fonts/PretendardVariable.subset.83.woff2 → 200 (59ms, 28220B)
[2026-04-05T07:56:53.349Z] GET https://www.hanafn.com:8002/upload/common/upeditor/10000193/20231116/20231116013742483.png → 200 (74ms, 129954B)
[2026-04-05T07:56:53.349Z] GET https://www.hanafn.com:8002/upload/common/upeditor/10000193/20231116/20231116013906212.png → 200 (170ms, 161976B)
[2026-04-05T07:56:53.349Z] GET https://www.hanafn.com:8002/upload/common/upeditor/10000193/20231116/20231116014046029.png → 200 (166ms, 235868B)
[2026-04-05T07:56:53.389Z] GET https://www.hanafn.com/assets/img/ko/ico-youtube.svg → 200 (4ms, 856B)
[2026-04-05T07:56:53.389Z] GET https://www.hanafn.com/assets/img/ko/ico-instagram.svg → 200 (6ms, 1832B)
[2026-04-05T07:56:53.389Z] GET https://www.hanafn.com/assets/img/ko/ico-tictok.svg → 200 (7ms, 748B)
[2026-04-05T07:56:53.389Z] GET https://www.hanafn.com/assets/img/ko/ico-facebook.svg → 200 (32ms, 392B)
[2026-04-05T07:56:53.389Z] GET https://www.hanafn.com/assets/fonts/PretendardVariable.subset.82.woff2 → 200 (34ms, 27776B)
[2026-04-05T07:56:53.389Z] GET https://www.hanafn.com/assets/fonts/PretendardVariable.subset.81.woff2 → 200 (34ms, 27580B)
[2026-04-05T07:56:53.389Z] GET https://www.hanafn.com/assets/fonts/PretendardVariable.subset.79.woff2 → 200 (35ms, 27472B)
[2026-04-05T07:56:53.451Z] GET https://www.hanafn.com/assets/fonts/ja/PretendardJPVariable.subset.56.woff2 → 200 (162ms, 19844B)
[2026-04-05T07:56:53.461Z] GET https://asp.koscom.co.kr/listservice/getStockBasic?auth_key=ZtM9BPah5S8ce4lt5NEdrBKys7VUtl&code=086790&gubun=K → 200 (86ms, 531B)
[2026-04-05T07:56:53.461Z] POST https://www.hanafn.com/ajax/ir/keyInfo/annualReport.do → 200 (45ms, 670B)
[2026-04-05T07:56:53.462Z] POST https://www.hanafn.com/ajax/esg/reporting/keyInfo/reprt.do → 200 (196ms, 1028B)
[2026-04-05T07:56:53.462Z] POST https://www.hanafn.com/ajax/ir/keyInfo/shareInformation/dividen/list.do → 200 (42ms, 253B)
[2026-04-05T07:56:53.469Z] GET https://www.hanafn.com/assets/img/ko/bg-key-info-tooltip.png → 200 (19ms, 1687B)
[2026-04-05T07:56:53.469Z] GET https://www.hanafn.com/assets/img/ko/arrow-breadcrumb.svg → 200 (34ms, 239B)
[2026-04-05T07:56:53.502Z] GET https://www.googletagmanager.com/gtag/js?id=G-G08DM6GB7H&cx=c&gtm=4e6411 → pending (?ms, ?B)
[2026-04-05T07:56:53.502Z] GET https://www.googletagmanager.com/gtag/js?id=G-5LF20JET79&cx=c&gtm=4e6411 → pending (?ms, ?B)
[2026-04-05T07:56:53.502Z] GET https://www.google-analytics.com/analytics.js → pending (?ms, ?B)
[2026-04-05T07:56:53.506Z] GET https://www.hanafn.com:8002/upload/common/upeditor/10000080/20250709//20250709092213966.jpeg → 200 (144ms, 661445B)
[2026-04-05T07:56:53.545Z] POST https://www.google-analytics.com/g/collect?v=2&tid=G-5LF20JET79&gtm=45je6411v9100534354za200&_p=1775375812996&gcd=13l3l3l3l1l1&npa=0&dma=0&cid=1570829367.1775375814&ul=ko&sr=1280x720&uaa=x86&uab=64&uafvl=Not%253AA-Brand%3B99.0.0.0%7CHeadlessChrome%3B145.0.7632.6%7CChromium%3B145.0.7632.6&uamb=0&uam=&uap=Windows&uapv=19.0.0&uaw=0&are=1&frm=0&pscdl=noapi&_s=1&tag_exp=0~115938465~115938468~116991817~117266402~118328143&sid=1775375813&sct=1&seg=0&dl=https%3A%2F%2Fwww.hanafn.com%2Fhfm%2Fmnu%2Finfo%2Fabout%2Fhanacharacter.do&dt=%ED%95%98%EB%82%98%EA%B8%88%EC%9C%B5%EA%B7%B8%EB%A3%B9-%ED%95%98%EB%82%98%EA%B8%88%EC%9C%B5%EA%B7%B8%EB%A3%B9%20%EC%BA%90%EB%A6%AD%ED%84%B0%20%7C%20%EC%BA%90%EB%A6%AD%ED%84%B0%20%EC%8A%A4%ED%86%A0%EB%A6%AC&en=page_view&_fv=1&_nsi=1&_ss=1&_ee=1&tfd=7967 → pending (?ms, ?B)
[2026-04-05T07:56:53.658Z] GET https://www.hanafn.com:8002/upload/common/upeditor/10000051/20250701//20250701122414398.png → 200 (38ms, 145277B)
[2026-04-05T07:56:53.783Z] POST https://www.google-analytics.com/j/collect?v=1&_v=j102&a=905204265&t=pageview&_s=1&dl=https%3A%2F%2Fwww.hanafn.com%2Fhfm%2Fmnu%2Finfo%2Fabout%2Fhanacharacter.do&ul=ko&dt=%ED%95%98%EB%82%98%EA%B8%88%EC%9C%B5%EA%B7%B8%EB%A3%B9-%ED%95%98%EB%82%98%EA%B8%88%EC%9C%B5%EA%B7%B8%EB%A3%B9%20%EC%BA%90%EB%A6%AD%ED%84%B0%20%7C%20%EC%BA%90%EB%A6%AD%ED%84%B0%20%EC%8A%A4%ED%86%A0%EB%A6%AC&sr=1280x720&vp=1280x720&_u=YADAAUABAAAAACAAI~&jid=1847121539&gjid=478379086&cid=1570829367.1775375814&tid=UA-254514792-1&_gid=1304731862.1775375814&_r=1&_slc=1&gtm=45He6411n81K3NC3TJv9100534070za200zd9100534070&gcd=13l3l3l3l1l1&dma=0&tag_exp=0~115616986~115938465~115938468~116991817&z=1496227083 → 200 (77ms, 15B)
[2026-04-05T07:56:53.833Z] POST https://www.google-analytics.com/g/collect?v=2&tid=G-G08DM6GB7H&gtm=45je6411v9125534867za20g&_p=1775375812996&gcd=13l3l3l3l1l1&npa=0&dma=0&cid=1570829367.1775375814&ul=ko&sr=1280x720&ir=1&uaa=x86&uab=64&uafvl=Not%253AA-Brand%3B99.0.0.0%7CHeadlessChrome%3B145.0.7632.6%7CChromium%3B145.0.7632.6&uamb=0&uam=&uap=Windows&uapv=19.0.0&uaw=0&are=1&frm=0&pscdl=noapi&_eu=EAAI&_s=1&tag_exp=0~115616985~115938465~115938468~116991816~118131809~118328142&sid=1775375813&sct=1&seg=0&dl=https%3A%2F%2Fwww.hanafn.com%2Fhfm%2Fmnu%2Finfo%2Fabout%2Fhanacharacter.do&dt=%ED%95%98%EB%82%98%EA%B8%88%EC%9C%B5%EA%B7%B8%EB%A3%B9-%ED%95%98%EB%82%98%EA%B8%88%EC%9C%B5%EA%B7%B8%EB%A3%B9%20%EC%BA%90%EB%A6%AD%ED%84%B0%20%7C%20%EC%BA%90%EB%A6%AD%ED%84%B0%20%EC%8A%A4%ED%86%A0%EB%A6%AC&en=page_view&_fv=1&_ss=1&tfd=8238 → 204 (76ms, ?B)
[2026-04-05T07:56:58.989Z] GET https://www.hanafn.com/assets/img/ko/arrow-down.svg → 200 (1ms, 444B)
[2026-04-05T07:56:58.989Z] GET https://www.hanafn.com/assets/img/ko/ico-check.svg → 200 (1ms, 401B)
[2026-04-05T07:57:10.977Z] POST https://www.hanafn.com/ajax/hfm/tab/info/about/hanacharacter.do → 200 (54ms, 1367B)
[2026-04-05T07:57:10.981Z] GET https://www.hanafn.com/assets/img/ko/btn-top.png → 200 (31ms, 1182B)
[2026-04-05T07:57:11.031Z] GET https://www.hanafn.com:8002/upload/common/upeditor/10000193/20231116/20231116040817085.png → 200 (114ms, 59838B)
[2026-04-05T07:57:11.031Z] GET https://www.hanafn.com:8002/upload/common/upeditor/10000193/20231117/20231117022515196.png → 200 (121ms, 132562B)
[2026-04-05T08:12:13.194Z] GET http://localhost:8847/finalized.html → pending (?ms, ?B)
[2026-04-05T08:12:13.750Z] GET https://cdn.jsdelivr.net/gh/orioncactus/pretendard@v1.3.9/dist/web/variable/pretendardvariable-dynamic-subset.min.css → pending (?ms, ?B)
[2026-04-05T08:12:21.302Z] GET https://cdn.jsdelivr.net/gh/orioncactus/pretendard@v1.3.9/packages/pretendard/dist/web/variable/woff2-dynamic-subset/PretendardVariable.subset.91.woff2 → 200 (36ms, 37996B)
[2026-04-05T08:12:21.304Z] GET https://cdn.jsdelivr.net/gh/orioncactus/pretendard@v1.3.9/packages/pretendard/dist/web/variable/woff2-dynamic-subset/PretendardVariable.subset.90.woff2 → 200 (54ms, ?B)
[2026-04-05T08:12:21.304Z] GET https://cdn.jsdelivr.net/gh/orioncactus/pretendard@v1.3.9/packages/pretendard/dist/web/variable/woff2-dynamic-subset/PretendardVariable.subset.89.woff2 → 200 (55ms, ?B)
[2026-04-05T08:12:21.304Z] GET https://cdn.jsdelivr.net/gh/orioncactus/pretendard@v1.3.9/packages/pretendard/dist/web/variable/woff2-dynamic-subset/PretendardVariable.subset.88.woff2 → 200 (48ms, ?B)
[2026-04-05T08:12:21.304Z] GET https://cdn.jsdelivr.net/gh/orioncactus/pretendard@v1.3.9/packages/pretendard/dist/web/variable/woff2-dynamic-subset/PretendardVariable.subset.85.woff2 → 200 (55ms, ?B)
[2026-04-05T08:12:21.304Z] GET https://cdn.jsdelivr.net/gh/orioncactus/pretendard@v1.3.9/packages/pretendard/dist/web/variable/woff2-dynamic-subset/PretendardVariable.subset.83.woff2 → 200 (55ms, ?B)
[2026-04-05T08:12:21.304Z] GET https://cdn.jsdelivr.net/gh/orioncactus/pretendard@v1.3.9/packages/pretendard/dist/web/variable/woff2-dynamic-subset/PretendardVariable.subset.84.woff2 → 200 (57ms, ?B)
[2026-04-05T08:12:21.304Z] GET https://cdn.jsdelivr.net/gh/orioncactus/pretendard@v1.3.9/packages/pretendard/dist/web/variable/woff2-dynamic-subset/PretendardVariable.subset.87.woff2 → 200 (57ms, ?B)
[2026-04-05T08:12:21.305Z] GET https://cdn.jsdelivr.net/gh/orioncactus/pretendard@v1.3.9/packages/pretendard/dist/web/variable/woff2-dynamic-subset/PretendardVariable.subset.82.woff2 → 200 (57ms, ?B)
[2026-04-05T08:12:21.305Z] GET https://cdn.jsdelivr.net/gh/orioncactus/pretendard@v1.3.9/packages/pretendard/dist/web/variable/woff2-dynamic-subset/PretendardVariable.subset.86.woff2 → pending (?ms, ?B)
[2026-04-05T08:12:21.305Z] GET https://cdn.jsdelivr.net/gh/orioncactus/pretendard@v1.3.9/packages/pretendard/dist/web/variable/woff2-dynamic-subset/PretendardVariable.subset.26.woff2 → pending (?ms, ?B)
[2026-04-05T08:12:51.823Z] GET https://cdn.jsdelivr.net/gh/orioncactus/pretendard@v1.3.9/packages/pretendard/dist/web/variable/woff2-dynamic-subset/PretendardVariable.subset.80.woff2 → 200 (20ms, 28796B)
[2026-04-05T08:12:51.823Z] GET https://cdn.jsdelivr.net/gh/orioncactus/pretendard@v1.3.9/packages/pretendard/dist/web/variable/woff2-dynamic-subset/PretendardVariable.subset.17.woff2 → 200 (27ms, 34940B)
[2026-04-05T08:14:18.006Z] GET https://cdn.jsdelivr.net/gh/orioncactus/pretendard@v1.3.9/packages/pretendard/dist/web/variable/woff2-dynamic-subset/PretendardVariable.subset.77.woff2 → 200 (46ms, 26044B)
[2026-04-05T08:23:28.638Z] GET http://localhost:9123/prototype.html → 200 (348ms, ?B)
[2026-04-05T08:23:29.112Z] GET https://cdn.jsdelivr.net/gh/orioncactus/pretendard@v1.3.9/dist/web/variable/pretendardvariable-dynamic-subset.min.css → 200 (3ms, 53513B)
[2026-04-05T08:23:29.256Z] GET https://cdn.jsdelivr.net/gh/orioncactus/pretendard@v1.3.9/packages/pretendard/dist/web/variable/woff2-dynamic-subset/PretendardVariable.subset.91.woff2 → 200 (8ms, 37996B)
[2026-04-05T08:23:29.260Z] GET https://cdn.jsdelivr.net/gh/orioncactus/pretendard@v1.3.9/packages/pretendard/dist/web/variable/woff2-dynamic-subset/PretendardVariable.subset.90.woff2 → 200 (4ms, 20852B)
[2026-04-05T08:23:29.260Z] GET https://cdn.jsdelivr.net/gh/orioncactus/pretendard@v1.3.9/packages/pretendard/dist/web/variable/woff2-dynamic-subset/PretendardVariable.subset.89.woff2 → 200 (4ms, 21864B)
[2026-04-05T08:23:29.260Z] GET https://cdn.jsdelivr.net/gh/orioncactus/pretendard@v1.3.9/packages/pretendard/dist/web/variable/woff2-dynamic-subset/PretendardVariable.subset.88.woff2 → 200 (4ms, 25640B)
[2026-04-05T08:23:29.260Z] GET https://cdn.jsdelivr.net/gh/orioncactus/pretendard@v1.3.9/packages/pretendard/dist/web/variable/woff2-dynamic-subset/PretendardVariable.subset.85.woff2 → 200 (5ms, 25104B)
[2026-04-05T08:23:29.260Z] GET https://cdn.jsdelivr.net/gh/orioncactus/pretendard@v1.3.9/packages/pretendard/dist/web/variable/woff2-dynamic-subset/PretendardVariable.subset.83.woff2 → 200 (5ms, 26964B)
[2026-04-05T08:23:29.260Z] GET https://cdn.jsdelivr.net/gh/orioncactus/pretendard@v1.3.9/packages/pretendard/dist/web/variable/woff2-dynamic-subset/PretendardVariable.subset.84.woff2 → 200 (5ms, 24492B)
[2026-04-05T08:23:29.260Z] GET https://cdn.jsdelivr.net/gh/orioncactus/pretendard@v1.3.9/packages/pretendard/dist/web/variable/woff2-dynamic-subset/PretendardVariable.subset.87.woff2 → 200 (5ms, 24664B)
[2026-04-05T08:23:29.260Z] GET https://cdn.jsdelivr.net/gh/orioncactus/pretendard@v1.3.9/packages/pretendard/dist/web/variable/woff2-dynamic-subset/PretendardVariable.subset.82.woff2 → 200 (5ms, 26500B)
[2026-04-05T08:23:29.260Z] GET https://cdn.jsdelivr.net/gh/orioncactus/pretendard@v1.3.9/packages/pretendard/dist/web/variable/woff2-dynamic-subset/PretendardVariable.subset.86.woff2 → 200 (5ms, 25716B)
[2026-04-05T08:23:29.260Z] GET https://cdn.jsdelivr.net/gh/orioncactus/pretendard@v1.3.9/packages/pretendard/dist/web/variable/woff2-dynamic-subset/PretendardVariable.subset.26.woff2 → 200 (6ms, 40324B)
[2026-04-05T08:23:54.363Z] GET https://cdn.jsdelivr.net/gh/orioncactus/pretendard@v1.3.9/packages/pretendard/dist/web/variable/woff2-dynamic-subset/PretendardVariable.subset.80.woff2 → 200 (?ms, 28796B)
[2026-04-05T08:23:54.363Z] GET https://cdn.jsdelivr.net/gh/orioncactus/pretendard@v1.3.9/packages/pretendard/dist/web/variable/woff2-dynamic-subset/PretendardVariable.subset.17.woff2 → 200 (6ms, 34940B)
[2026-04-05T08:25:14.619Z] GET http://localhost:9123/prototype.html → pending (?ms, ?B)
[2026-04-05T08:25:14.964Z] GET https://cdn.jsdelivr.net/gh/orioncactus/pretendard@v1.3.9/dist/web/variable/pretendardvariable-dynamic-subset.min.css → 200 (?ms, 53513B)
[2026-04-05T08:25:14.998Z] GET https://cdn.jsdelivr.net/gh/orioncactus/pretendard@v1.3.9/packages/pretendard/dist/web/variable/woff2-dynamic-subset/PretendardVariable.subset.17.woff2 → 200 (?ms, ?B)
[2026-04-05T08:25:14.999Z] GET https://cdn.jsdelivr.net/gh/orioncactus/pretendard@v1.3.9/packages/pretendard/dist/web/variable/woff2-dynamic-subset/PretendardVariable.subset.26.woff2 → 200 (?ms, ?B)
[2026-04-05T08:25:14.999Z] GET https://cdn.jsdelivr.net/gh/orioncactus/pretendard@v1.3.9/packages/pretendard/dist/web/variable/woff2-dynamic-subset/PretendardVariable.subset.80.woff2 → 200 (?ms, ?B)
[2026-04-05T08:25:14.999Z] GET https://cdn.jsdelivr.net/gh/orioncactus/pretendard@v1.3.9/packages/pretendard/dist/web/variable/woff2-dynamic-subset/PretendardVariable.subset.82.woff2 → 200 (2ms, ?B)
[2026-04-05T08:25:15.004Z] GET https://cdn.jsdelivr.net/gh/orioncactus/pretendard@v1.3.9/packages/pretendard/dist/web/variable/woff2-dynamic-subset/PretendardVariable.subset.83.woff2 → 200 (?ms, ?B)
[2026-04-05T08:25:15.004Z] GET https://cdn.jsdelivr.net/gh/orioncactus/pretendard@v1.3.9/packages/pretendard/dist/web/variable/woff2-dynamic-subset/PretendardVariable.subset.84.woff2 → 200 (?ms, ?B)
[2026-04-05T08:25:15.004Z] GET https://cdn.jsdelivr.net/gh/orioncactus/pretendard@v1.3.9/packages/pretendard/dist/web/variable/woff2-dynamic-subset/PretendardVariable.subset.85.woff2 → 200 (?ms, ?B)
[2026-04-05T08:25:15.004Z] GET https://cdn.jsdelivr.net/gh/orioncactus/pretendard@v1.3.9/packages/pretendard/dist/web/variable/woff2-dynamic-subset/PretendardVariable.subset.86.woff2 → 200 (1ms, ?B)
[2026-04-05T08:25:15.005Z] GET https://cdn.jsdelivr.net/gh/orioncactus/pretendard@v1.3.9/packages/pretendard/dist/web/variable/woff2-dynamic-subset/PretendardVariable.subset.87.woff2 → 200 (1ms, ?B)
[2026-04-05T08:25:15.007Z] GET https://cdn.jsdelivr.net/gh/orioncactus/pretendard@v1.3.9/packages/pretendard/dist/web/variable/woff2-dynamic-subset/PretendardVariable.subset.88.woff2 → 200 (?ms, ?B)
[2026-04-05T08:25:15.007Z] GET https://cdn.jsdelivr.net/gh/orioncactus/pretendard@v1.3.9/packages/pretendard/dist/web/variable/woff2-dynamic-subset/PretendardVariable.subset.89.woff2 → 200 (?ms, ?B)
[2026-04-05T08:25:15.007Z] GET https://cdn.jsdelivr.net/gh/orioncactus/pretendard@v1.3.9/packages/pretendard/dist/web/variable/woff2-dynamic-subset/PretendardVariable.subset.90.woff2 → 200 (?ms, ?B)
[2026-04-05T08:25:15.007Z] GET https://cdn.jsdelivr.net/gh/orioncactus/pretendard@v1.3.9/packages/pretendard/dist/web/variable/woff2-dynamic-subset/PretendardVariable.subset.91.woff2 → 200 (?ms, ?B)
[2026-04-05T08:25:34.541Z] GET https://cdn.jsdelivr.net/gh/orioncactus/pretendard@v1.3.9/packages/pretendard/dist/web/variable/woff2-dynamic-subset/PretendardVariable.subset.77.woff2 → 200 (13ms, 26044B)
[2026-04-05T08:25:49.574Z] GET https://cdn.jsdelivr.net/gh/orioncactus/pretendard@v1.3.9/packages/pretendard/dist/web/variable/woff2-dynamic-subset/PretendardVariable.subset.74.woff2 → pending (?ms, ?B)
[2026-04-05T08:45:15.852Z] GET http://localhost:9200/hana_student90_v4.html → 200 (436ms, 48150B)
[2026-04-05T08:45:16.394Z] GET https://fonts.googleapis.com/css2?family=Noto+Sans+KR:wght@300;400;500;600;700&family=Noto+Sans:wght@400;500;600;700&display=swap → pending (?ms, ?B)
[2026-04-05T08:45:24.381Z] GET https://fonts.gstatic.com/s/notosanskr/v39/PbykFmXiEBPT4ITbgNA5CgmG0X7t.woff2 → pending (?ms, ?B)
[2026-04-05T08:45:24.381Z] GET https://fonts.gstatic.com/s/notosanskr/v39/PbykFmXiEBPT4ITbgNA5Cgm20xz64px_1hVWr0wuPNGmlQNMEfD4.118.woff2 → pending (?ms, ?B)
[2026-04-05T08:45:24.381Z] GET https://fonts.gstatic.com/s/notosanskr/v39/PbykFmXiEBPT4ITbgNA5Cgm20xz64px_1hVWr0wuPNGmlQNMEfD4.117.woff2 → pending (?ms, ?B)
[2026-04-05T08:45:24.381Z] GET https://fonts.gstatic.com/s/notosanskr/v39/PbykFmXiEBPT4ITbgNA5Cgm20xz64px_1hVWr0wuPNGmlQNMEfD4.116.woff2 → pending (?ms, ?B)
[2026-04-05T08:45:24.382Z] GET https://fonts.gstatic.com/s/notosanskr/v39/PbykFmXiEBPT4ITbgNA5Cgm20xz64px_1hVWr0wuPNGmlQNMEfD4.119.woff2 → 200 (238ms, 16676B)
[2026-04-05T08:45:24.382Z] GET https://fonts.gstatic.com/s/notosanskr/v39/PbykFmXiEBPT4ITbgNA5Cgm20xz64px_1hVWr0wuPNGmlQNMEfD4.113.woff2 → 200 (328ms, 16464B)
[2026-04-05T08:45:24.382Z] GET https://fonts.gstatic.com/s/notosanskr/v39/PbykFmXiEBPT4ITbgNA5Cgm20xz64px_1hVWr0wuPNGmlQNMEfD4.115.woff2 → pending (?ms, ?B)
[2026-04-05T08:45:24.382Z] GET https://fonts.gstatic.com/s/notosanskr/v39/PbykFmXiEBPT4ITbgNA5Cgm20xz64px_1hVWr0wuPNGmlQNMEfD4.114.woff2 → 200 (307ms, 16212B)
[2026-04-05T08:45:24.382Z] GET https://fonts.gstatic.com/s/notosanskr/v39/PbykFmXiEBPT4ITbgNA5Cgm20xz64px_1hVWr0wuPNGmlQNMEfD4.110.woff2 → 200 (294ms, 17608B)
[2026-04-05T08:45:47.579Z] GET https://fonts.gstatic.com/s/notosanskr/v39/PbykFmXiEBPT4ITbgNA5Cgm20xz64px_1hVWr0wuPNGmlQNMEfD4.112.woff2 → 200 (99ms, 16448B)
[2026-04-05T08:45:47.579Z] GET https://fonts.gstatic.com/s/notosanskr/v39/PbykFmXiEBPT4ITbgNA5CgmG3n7t0JM.woff2 → 200 (102ms, 9172B)
[2026-04-05T08:47:42.216Z] GET http://localhost:9200/kolife_v2_calendar_arc.html → 200 (310ms, ?B)
