[2026-04-05T11:38:07.775Z] GET http://localhost:9124/prototype.html → 200 (308ms, 53048B)
[2026-04-05T11:38:08.088Z] GET https://fonts.googleapis.com/css2?family=Noto+Sans+KR:wght@300;400;500;600;700&family=Noto+Sans:wght@400;500;600;700&display=swap → 200 (254ms, 484449B)
[2026-04-05T11:38:08.560Z] GET https://fonts.gstatic.com/s/notosanskr/v39/PbykFmXiEBPT4ITbgNA5CgmG0X7t.woff2 → pending (?ms, ?B)
[2026-04-05T11:38:08.560Z] GET https://fonts.gstatic.com/s/notosanskr/v39/PbykFmXiEBPT4ITbgNA5Cgm20xz64px_1hVWr0wuPNGmlQNMEfD4.119.woff2 → pending (?ms, ?B)
[2026-04-05T11:38:08.560Z] GET https://fonts.gstatic.com/s/notosanskr/v39/PbykFmXiEBPT4ITbgNA5Cgm20xz64px_1hVWr0wuPNGmlQNMEfD4.118.woff2 → pending (?ms, ?B)
[2026-04-05T11:38:08.560Z] GET https://fonts.gstatic.com/s/notosanskr/v39/PbykFmXiEBPT4ITbgNA5Cgm20xz64px_1hVWr0wuPNGmlQNMEfD4.117.woff2 → pending (?ms, ?B)
[2026-04-05T11:38:08.560Z] GET https://fonts.gstatic.com/s/notosanskr/v39/PbykFmXiEBPT4ITbgNA5Cgm20xz64px_1hVWr0wuPNGmlQNMEfD4.116.woff2 → pending (?ms, ?B)
[2026-04-05T11:38:08.560Z] GET https://fonts.gstatic.com/s/notosanskr/v39/PbykFmXiEBPT4ITbgNA5Cgm20xz64px_1hVWr0wuPNGmlQNMEfD4.113.woff2 → pending (?ms, ?B)
[2026-04-05T11:38:08.560Z] GET https://fonts.gstatic.com/s/notosanskr/v39/PbykFmXiEBPT4ITbgNA5Cgm20xz64px_1hVWr0wuPNGmlQNMEfD4.115.woff2 → pending (?ms, ?B)
[2026-04-05T11:38:08.560Z] GET https://fonts.gstatic.com/s/notosanskr/v39/PbykFmXiEBPT4ITbgNA5Cgm20xz64px_1hVWr0wuPNGmlQNMEfD4.114.woff2 → pending (?ms, ?B)
[2026-04-05T11:38:08.561Z] GET https://fonts.gstatic.com/s/notosanskr/v39/PbykFmXiEBPT4ITbgNA5Cgm20xz64px_1hVWr0wuPNGmlQNMEfD4.110.woff2 → pending (?ms, ?B)
[2026-04-05T11:38:08.561Z] GET https://fonts.gstatic.com/s/notosanskr/v39/PbykFmXiEBPT4ITbgNA5Cgm20xz64px_1hVWr0wuPNGmlQNMEfD4.27.woff2 → pending (?ms, ?B)
[2026-04-05T11:38:08.561Z] GET https://fonts.gstatic.com/s/notosanskr/v39/PbykFmXiEBPT4ITbgNA5Cgm20xz64px_1hVWr0wuPNGmlQNMEfD4.111.woff2 → pending (?ms, ?B)
[2026-04-05T11:39:53.684Z] GET http://localhost:9124/prototype.html → 200 (315ms, 41110B)
[2026-04-05T11:39:54.005Z] GET https://cdn.jsdelivr.net/gh/orioncactus/pretendard@v1.3.9/dist/web/variable/pretendardvariable-dynamic-subset.min.css → 200 (33ms, 53513B)
[2026-04-05T11:39:54.106Z] GET https://cdn.jsdelivr.net/gh/orioncactus/pretendard@v1.3.9/packages/pretendard/dist/web/variable/woff2-dynamic-subset/PretendardVariable.subset.91.woff2 → 200 (49ms, 37996B)
[2026-04-05T11:39:54.106Z] GET https://cdn.jsdelivr.net/gh/orioncactus/pretendard@v1.3.9/packages/pretendard/dist/web/variable/woff2-dynamic-subset/PretendardVariable.subset.90.woff2 → 200 (33ms, 20852B)
[2026-04-05T11:39:54.106Z] GET https://cdn.jsdelivr.net/gh/orioncactus/pretendard@v1.3.9/packages/pretendard/dist/web/variable/woff2-dynamic-subset/PretendardVariable.subset.89.woff2 → 200 (35ms, 21864B)
[2026-04-05T11:39:54.106Z] GET https://cdn.jsdelivr.net/gh/orioncactus/pretendard@v1.3.9/packages/pretendard/dist/web/variable/woff2-dynamic-subset/PretendardVariable.subset.88.woff2 → 200 (50ms, 25640B)
[2026-04-05T11:39:54.106Z] GET https://cdn.jsdelivr.net/gh/orioncactus/pretendard@v1.3.9/packages/pretendard/dist/web/variable/woff2-dynamic-subset/PretendardVariable.subset.85.woff2 → 200 (50ms, 25104B)
[2026-04-05T11:39:54.106Z] GET https://cdn.jsdelivr.net/gh/orioncactus/pretendard@v1.3.9/packages/pretendard/dist/web/variable/woff2-dynamic-subset/PretendardVariable.subset.83.woff2 → 200 (54ms, 26964B)
[2026-04-05T11:39:54.106Z] GET https://cdn.jsdelivr.net/gh/orioncactus/pretendard@v1.3.9/packages/pretendard/dist/web/variable/woff2-dynamic-subset/PretendardVariable.subset.84.woff2 → 200 (51ms, 24492B)
[2026-04-05T11:39:54.106Z] GET https://cdn.jsdelivr.net/gh/orioncactus/pretendard@v1.3.9/packages/pretendard/dist/web/variable/woff2-dynamic-subset/PretendardVariable.subset.87.woff2 → 200 (55ms, 24664B)
[2026-04-05T11:39:54.106Z] GET https://cdn.jsdelivr.net/gh/orioncactus/pretendard@v1.3.9/packages/pretendard/dist/web/variable/woff2-dynamic-subset/PretendardVariable.subset.82.woff2 → 200 (74ms, 26500B)
[2026-04-05T11:39:54.106Z] GET https://cdn.jsdelivr.net/gh/orioncactus/pretendard@v1.3.9/packages/pretendard/dist/web/variable/woff2-dynamic-subset/PretendardVariable.subset.86.woff2 → 200 (55ms, 25716B)
[2026-04-05T11:39:54.106Z] GET https://cdn.jsdelivr.net/gh/orioncactus/pretendard@v1.3.9/packages/pretendard/dist/web/variable/woff2-dynamic-subset/PretendardVariable.subset.26.woff2 → 200 (75ms, 40324B)
[2026-04-05T11:39:55.327Z] GET https://cdn.jsdelivr.net/gh/orioncactus/pretendard@v1.3.9/packages/pretendard/dist/web/variable/woff2-dynamic-subset/PretendardVariable.subset.80.woff2 → 200 (12ms, 28796B)
[2026-04-05T11:39:55.327Z] GET https://cdn.jsdelivr.net/gh/orioncactus/pretendard@v1.3.9/packages/pretendard/dist/web/variable/woff2-dynamic-subset/PretendardVariable.subset.17.woff2 → 200 (14ms, 34940B)
